<?xml version="1.0" encoding="UTF-8"?>
<!-- Generated by org.testng.reporters.JUnitReportReporter -->
<testsuite hostname="LAPTOP-52AMPE0B" name="TestJava" tests="1" failures="0" timestamp="27 Aug 2019 11:37:56 GMT" time="28.386" errors="0">
  <testcase name="testJava" time="28.386" classname="TestJava"/>
</testsuite> <!-- TestJava -->
